ldsightclientfragment_mqtt/build/outputs/logs/manifest-merger-release-report.txt
-- Merging decision tree log ---
manifest
ADDED from src\main\AndroidManifest.xml:1:1-145:12
	package
		ADDED from src\main\AndroidManifest.xml:2:5-44
		INJECTED from src\main\AndroidManifest.xml
		INJECTED from src\main\AndroidManifest.xml
	android:versionName
		ADDED from src\main\AndroidManifest.xml:5:5-32
		INJECTED from src\main\AndroidManifest.xml
		INJECTED from src\main\AndroidManifest.xml
	android:versionCode
		ADDED from src\main\AndroidManifest.xml:4:5-28
		INJECTED from src\main\AndroidManifest.xml
		INJECTED from src\main\AndroidManifest.xml
	xmlns:android
		ADDED from src\main\AndroidManifest.xml:1:11-69
	android:installLocation
		ADDED from src\main\AndroidManifest.xml:3:5-35
uses-sdk
ADDED from src\main\AndroidManifest.xml:13:5-15:41
MERGED from [com.android.support:appcompat-v7:26.0.0-alpha1] AndroidManifest.xml:21:5-23:78
MERGED from [com.android.support:animated-vector-drawable:26.0.0-alpha1] AndroidManifest.xml:20:5-44
MERGED from [com.android.support:support-vector-drawable:26.0.0-alpha1] AndroidManifest.xml:20:5-44
MERGED from [ldsightclient_jgd:ViewPagerIndicator_library:unspecified] AndroidManifest.xml:7:5-9:40
MERGED from [com.android.support:support-v4:26.0.0-alpha1] AndroidManifest.xml:21:5-23:54
MERGED from [com.android.support:support-media-compat:26.0.0-alpha1] AndroidManifest.xml:21:5-23:63
MERGED from [com.android.support:support-fragment:26.0.0-alpha1] AndroidManifest.xml:21:5-23:60
MERGED from [com.android.support:support-core-ui:26.0.0-alpha1] AndroidManifest.xml:21:5-23:58
MERGED from [com.android.support:support-core-utils:26.0.0-alpha1] AndroidManifest.xml:21:5-23:61
MERGED from [com.android.support:support-compat:26.0.0-alpha1] AndroidManifest.xml:21:5-23:58
	tools:overrideLibrary
		ADDED from [com.android.support:appcompat-v7:26.0.0-alpha1] AndroidManifest.xml:23:9-75
	android:targetSdkVersion
		ADDED from src\main\AndroidManifest.xml:15:9-38
		INJECTED from src\main\AndroidManifest.xml
		INJECTED from src\main\AndroidManifest.xml
	android:minSdkVersion
		ADDED from src\main\AndroidManifest.xml:14:9-35
		INJECTED from src\main\AndroidManifest.xml
		INJECTED from src\main\AndroidManifest.xml
application
ADDED from src\main\AndroidManifest.xml:19:5-121:19
MERGED from [com.android.support:appcompat-v7:26.0.0-alpha1] AndroidManifest.xml:29:5-20
MERGED from [com.android.support:animated-vector-drawable:26.0.0-alpha1] AndroidManifest.xml:26:5-20
MERGED from [com.android.support:support-vector-drawable:26.0.0-alpha1] AndroidManifest.xml:26:5-20
MERGED from [com.android.support:support-v4:26.0.0-alpha1] AndroidManifest.xml:29:5-20
MERGED from [com.android.support:support-media-compat:26.0.0-alpha1] AndroidManifest.xml:29:5-20
MERGED from [com.android.support:support-fragment:26.0.0-alpha1] AndroidManifest.xml:29:5-20
MERGED from [com.android.support:support-core-ui:26.0.0-alpha1] AndroidManifest.xml:29:5-20
MERGED from [com.android.support:support-core-utils:26.0.0-alpha1] AndroidManifest.xml:29:5-20
MERGED from [com.android.support:support-compat:26.0.0-alpha1] AndroidManifest.xml:29:5-20
	android:label
		ADDED from src\main\AndroidManifest.xml:23:9-41
	android:allowBackup
		ADDED from src\main\AndroidManifest.xml:21:9-35
	android:icon
		ADDED from src\main\AndroidManifest.xml:22:9-43
	android:theme
		ADDED from src\main\AndroidManifest.xml:24:9-41
	android:name
		ADDED from src\main\AndroidManifest.xml:20:9-61
meta-data#com.baidu.lbsapi.API_KEY
ADDED from src\main\AndroidManifest.xml:30:9-32:64
	android:value
		ADDED from src\main\AndroidManifest.xml:32:13-61
	android:name
		ADDED from src\main\AndroidManifest.xml:31:13-52
activity#com.ldsight.act.LoginXinjiangAct
ADDED from src\main\AndroidManifest.xml:35:9-43:20
	android:screenOrientation
		ADDED from src\main\AndroidManifest.xml:37:13-49
	android:name
		ADDED from src\main\AndroidManifest.xml:36:13-60
intent-filter#android.intent.action.MAIN+android.intent.category.LAUNCHER
ADDED from src\main\AndroidManifest.xml:38:13-42:29
action#android.intent.action.MAIN
ADDED from src\main\AndroidManifest.xml:39:17-69
	android:name
		ADDED from src\main\AndroidManifest.xml:39:25-66
category#android.intent.category.LAUNCHER
ADDED from src\main\AndroidManifest.xml:41:17-77
	android:name
		ADDED from src\main\AndroidManifest.xml:41:27-74
activity#com.ldsight.act.LoginAct
ADDED from src\main\AndroidManifest.xml:46:9-49:20
	android:screenOrientation
		ADDED from src\main\AndroidManifest.xml:48:13-49
	android:name
		ADDED from src\main\AndroidManifest.xml:47:13-52
activity#com.ldsight.act.MainAct
ADDED from src\main\AndroidManifest.xml:50:9-53:61
	android:screenOrientation
		ADDED from src\main\AndroidManifest.xml:53:13-49
	android:launchMode
		ADDED from src\main\AndroidManifest.xml:52:13-48
	android:name
		ADDED from src\main\AndroidManifest.xml:51:13-51
activity#com.ldsight.act.DeviceMainAct
ADDED from src\main\AndroidManifest.xml:54:9-56:61
	android:screenOrientation
		ADDED from src\main\AndroidManifest.xml:56:13-49
	android:name
		ADDED from src\main\AndroidManifest.xml:55:13-57
activity#com.ldsight.act.ParameterAct
ADDED from src\main\AndroidManifest.xml:57:9-60:61
	android:screenOrientation
		ADDED from src\main\AndroidManifest.xml:60:13-49
	android:launchMode
		ADDED from src\main\AndroidManifest.xml:59:13-43
	android:name
		ADDED from src\main\AndroidManifest.xml:58:13-56
activity#com.ldsight.act.AddDeviceAct
ADDED from src\main\AndroidManifest.xml:61:9-63:61
	android:screenOrientation
		ADDED from src\main\AndroidManifest.xml:63:13-49
	android:name
		ADDED from src\main\AndroidManifest.xml:62:13-56
activity#com.ldsight.act.DeviceParamAct
ADDED from src\main\AndroidManifest.xml:64:9-66:61
	android:screenOrientation
		ADDED from src\main\AndroidManifest.xml:66:13-49
	android:name
		ADDED from src\main\AndroidManifest.xml:65:13-58
activity#com.ldsight.act.AlertManageAct
ADDED from src\main\AndroidManifest.xml:67:9-69:61
	android:screenOrientation
		ADDED from src\main\AndroidManifest.xml:69:13-49
	android:name
		ADDED from src\main\AndroidManifest.xml:68:13-58
activity#com.ldsight.act.JurisdictionLoginAct
ADDED from src\main\AndroidManifest.xml:70:9-82
	android:name
		ADDED from src\main\AndroidManifest.xml:70:19-70
activity#com.ldsight.act.AddUserAct
ADDED from src\main\AndroidManifest.xml:71:9-72
	android:name
		ADDED from src\main\AndroidManifest.xml:71:19-60
activity#com.ldsight.act.UserInformationAct
ADDED from src\main\AndroidManifest.xml:72:9-80
	android:name
		ADDED from src\main\AndroidManifest.xml:72:19-68
activity#com.ldsight.act.TouristMainAct
ADDED from src\main\AndroidManifest.xml:73:9-76
	android:name
		ADDED from src\main\AndroidManifest.xml:73:19-64
activity#com.ldsight.act.AddElectricBox
ADDED from src\main\AndroidManifest.xml:74:9-76
	android:name
		ADDED from src\main\AndroidManifest.xml:74:19-64
activity#com.ldsight.act.BaiDuMapAct
ADDED from src\main\AndroidManifest.xml:75:9-73
	android:name
		ADDED from src\main\AndroidManifest.xml:75:19-61
activity#com.ldsight.act.SingleLightControlAct
ADDED from src\main\AndroidManifest.xml:76:9-83
	android:name
		ADDED from src\main\AndroidManifest.xml:76:19-71
activity#com.ldsight.act.CheckoutActivity
ADDED from src\main\AndroidManifest.xml:77:9-78
	android:name
		ADDED from src\main\AndroidManifest.xml:77:19-66
activity#com.ldsight.act.SingleLightAct
ADDED from src\main\AndroidManifest.xml:78:9-76
	android:name
		ADDED from src\main\AndroidManifest.xml:78:19-64
activity#com.ldsight.act.AlarmRecordAct
ADDED from src\main\AndroidManifest.xml:79:9-76
	android:name
		ADDED from src\main\AndroidManifest.xml:79:19-64
activity#com.ldsight.act.WarningInformationAct
ADDED from src\main\AndroidManifest.xml:80:9-83
	android:name
		ADDED from src\main\AndroidManifest.xml:80:19-71
activity#com.ldsight.act.SingleLightDialogItemAct
ADDED from src\main\AndroidManifest.xml:81:9-83:68
	android:theme
		ADDED from src\main\AndroidManifest.xml:83:13-56
	android:name
		ADDED from src\main\AndroidManifest.xml:82:13-68
activity#com.ldsight.act.ElectricBoxInformationDialog
ADDED from src\main\AndroidManifest.xml:84:9-86:68
	android:theme
		ADDED from src\main\AndroidManifest.xml:86:13-56
	android:name
		ADDED from src\main\AndroidManifest.xml:85:13-72
activity#com.ldsight.act.BrightenMainListDialogItemAct
ADDED from src\main\AndroidManifest.xml:87:9-89:68
	android:theme
		ADDED from src\main\AndroidManifest.xml:89:13-56
	android:name
		ADDED from src\main\AndroidManifest.xml:88:13-73
activity#com.ldsight.act.DeviceTiming
ADDED from src\main\AndroidManifest.xml:91:9-65
	android:name
		ADDED from src\main\AndroidManifest.xml:91:19-62
activity#com.ldsight.act.CatalogAct
ADDED from src\main\AndroidManifest.xml:92:9-63
	android:name
		ADDED from src\main\AndroidManifest.xml:92:19-60
activity#com.ldsight.act.BrightenMain
ADDED from src\main\AndroidManifest.xml:93:9-65
	android:name
		ADDED from src\main\AndroidManifest.xml:93:19-62
activity#com.ldsight.act.BrightenTiming
ADDED from src\main\AndroidManifest.xml:94:9-67
	android:name
		ADDED from src\main\AndroidManifest.xml:94:19-64
activity#com.ldsight.act.SingleLightSettingAct
ADDED from src\main\AndroidManifest.xml:95:9-74
	android:name
		ADDED from src\main\AndroidManifest.xml:95:19-71
activity#com.ldsight.act.MonitorMainAct
ADDED from src\main\AndroidManifest.xml:96:9-98:63
	android:theme
		ADDED from src\main\AndroidManifest.xml:98:13-60
	android:name
		ADDED from src\main\AndroidManifest.xml:97:13-58
service#com.ldsight.service.OnlineService
ADDED from src\main\AndroidManifest.xml:101:9-77
	android:name
		ADDED from src\main\AndroidManifest.xml:101:18-66
service#com.ldsight.service.UpdateService
ADDED from src\main\AndroidManifest.xml:102:9-77
	android:name
		ADDED from src\main\AndroidManifest.xml:102:18-66
service#com.ldsight.service.ZkyOnlineService
ADDED from src\main\AndroidManifest.xml:103:9-80
	android:name
		ADDED from src\main\AndroidManifest.xml:103:18-69
service#tvonvif.finder.CameraService
ADDED from src\main\AndroidManifest.xml:104:9-72
	android:name
		ADDED from src\main\AndroidManifest.xml:104:18-61
receiver#com.ldsight.service.UpdateService$onclickCancelListener
ADDED from src\main\AndroidManifest.xml:106:9-110:20
	android:name
		ADDED from src\main\AndroidManifest.xml:106:19-89
intent-filter#action_cancel_download_apk
ADDED from src\main\AndroidManifest.xml:107:13-109:29
	android:priority
		ADDED from src\main\AndroidManifest.xml:107:28-50
action#action_cancel_download_apk
ADDED from src\main\AndroidManifest.xml:108:17-76
	android:name
		ADDED from src\main\AndroidManifest.xml:108:25-66
provider#android.support.v4.content.FileProvider
ADDED from src\main\AndroidManifest.xml:112:9-120:20
	android:authorities
		ADDED from src\main\AndroidManifest.xml:114:13-73
	android:grantUriPermissions
		ADDED from src\main\AndroidManifest.xml:116:13-47
	android:exported
		ADDED from src\main\AndroidManifest.xml:115:13-37
	android:name
		ADDED from src\main\AndroidManifest.xml:113:13-67
meta-data#android.support.FILE_PROVIDER_PATHS
ADDED from src\main\AndroidManifest.xml:117:13-119:54
	android:resource
		ADDED from src\main\AndroidManifest.xml:119:17-51
	android:name
		ADDED from src\main\AndroidManifest.xml:118:17-67
uses-permission#android.permission.GET_ACCOUNTS
ADDED from src\main\AndroidManifest.xml:123:5-71
	android:name
		ADDED from src\main\AndroidManifest.xml:123:22-68
uses-permission#android.permission.USE_CREDENTIALS
ADDED from src\main\AndroidManifest.xml:124:5-74
	android:name
		ADDED from src\main\AndroidManifest.xml:124:22-71
uses-permission#android.permission.MANAGE_ACCOUNTS
ADDED from src\main\AndroidManifest.xml:125:5-74
	android:name
		ADDED from src\main\AndroidManifest.xml:125:22-71
uses-permission#android.permission.AUTHENTICATE_ACCOUNTS
ADDED from src\main\AndroidManifest.xml:126:5-80
	android:name
		ADDED from src\main\AndroidManifest.xml:126:22-77
uses-permission#android.permission.INTERNET
ADDED from src\main\AndroidManifest.xml:127:5-67
	android:name
		ADDED from src\main\AndroidManifest.xml:127:22-64
uses-permission#com.android.launcher.permission.READ_SETTINGS
ADDED from src\main\AndroidManifest.xml:128:5-85
	android:name
		ADDED from src\main\AndroidManifest.xml:128:22-82
uses-permission#android.permission.CHANGE_WIFI_STATE
ADDED from src\main\AndroidManifest.xml:129:5-76
	android:name
		ADDED from src\main\AndroidManifest.xml:129:22-73
uses-permission#android.permission.ACCESS_WIFI_STATE
ADDED from src\main\AndroidManifest.xml:130:5-76
	android:name
		ADDED from src\main\AndroidManifest.xml:130:22-73
uses-permission#android.permission.READ_PHONE_STATE
ADDED from src\main\AndroidManifest.xml:131:5-75
	android:name
		ADDED from src\main\AndroidManifest.xml:131:22-72
uses-permission#android.permission.BROADCAST_STICKY
ADDED from src\main\AndroidManifest.xml:132:5-75
	android:name
		ADDED from src\main\AndroidManifest.xml:132:22-72
uses-permission#android.permission.WRITE_SETTINGS
ADDED from src\main\AndroidManifest.xml:133:5-73
	android:name
		ADDED from src\main\AndroidManifest.xml:133:22-70
uses-permission#android.permission.CAMERA
ADDED from src\main\AndroidManifest.xml:134:5-65
	android:name
		ADDED from src\main\AndroidManifest.xml:134:22-62
uses-permission#android.permission.ACCESS_NETWORK_STATE
ADDED from src\main\AndroidManifest.xml:135:5-79
	android:name
		ADDED from src\main\AndroidManifest.xml:135:22-76
uses-permission#android.permission.MOUNT_UNMOUNT_FILESYSTEMS
ADDED from src\main\AndroidManifest.xml:136:5-84
	android:name
		ADDED from src\main\AndroidManifest.xml:136:22-81
uses-permission#android.permission.REQUEST_INSTALL_PACKAGES
ADDED from src\main\AndroidManifest.xml:138:5-83
	android:name
		ADDED from src\main\AndroidManifest.xml:138:22-80
uses-permission#android.permission.WRITE_EXTERNAL_STORAGE
ADDED from src\main\AndroidManifest.xml:140:5-80
	android:name
		ADDED from src\main\AndroidManifest.xml:140:22-78
uses-permission#android.permission.READ_EXTERNAL_STORAGE
ADDED from src\main\AndroidManifest.xml:141:5-79
	android:name
		ADDED from src\main\AndroidManifest.xml:141:22-77
meta-data#android.support.VERSION
ADDED from [com.android.support:appcompat-v7:26.0.0-alpha1] AndroidManifest.xml:25:5-27:41
MERGED from [com.android.support:animated-vector-drawable:26.0.0-alpha1] AndroidManifest.xml:22:5-24:41
MERGED from [com.android.support:support-vector-drawable:26.0.0-alpha1] AndroidManifest.xml:22:5-24:41
MERGED from [com.android.support:support-v4:26.0.0-alpha1] AndroidManifest.xml:25:5-27:41
MERGED from [com.android.support:support-media-compat:26.0.0-alpha1] AndroidManifest.xml:25:5-27:41
MERGED from [com.android.support:support-fragment:26.0.0-alpha1] AndroidManifest.xml:25:5-27:41
MERGED from [com.android.support:support-core-ui:26.0.0-alpha1] AndroidManifest.xml:25:5-27:41
MERGED from [com.android.support:support-core-utils:26.0.0-alpha1] AndroidManifest.xml:25:5-27:41
MERGED from [com.android.support:support-compat:26.0.0-alpha1] AndroidManifest.xml:25:5-27:41
	android:value
		ADDED from [com.android.support:appcompat-v7:26.0.0-alpha1] AndroidManifest.xml:27:9-38
	android:name
		ADDED from [com.android.support:appcompat-v7:26.0.0-alpha1] AndroidManifest.xml:26:9-47